<?xml version="1.0" encoding="UTF-8"?>
<!-- Generated by org.testng.reporters.JUnitReportReporter -->
<testsuite skipped="0" hostname="TYSS-Prem" name="bikes.TC_Bikes_003" tests="1" failures="0" timestamp="2023-01-03T15:27:37 IST" time="20.621" errors="0">
  <testcase name="openingBikes" time="20.621" classname="bikes.TC_Bikes_003"/>
  <system-out/>
</testsuite> <!-- bikes.TC_Bikes_003 -->
