<?xml version="1.0" encoding="UTF-8"?>
<!-- Generated by org.testng.reporters.JUnitReportReporter -->
<testsuite skipped="0" hostname="TYSS-Prem" name="workingWithDataProviderFromExcel.DemoWebSHop" tests="4" failures="0" timestamp="2023-01-11T12:03:41 IST" time="23.833" errors="0">
  <testcase name="dataHolder" time="5.061" classname="workingWithDataProviderFromExcel.DemoWebSHop"/>
  <system-out/>
  <testcase name="dataHolder" time="4.912" classname="workingWithDataProviderFromExcel.DemoWebSHop"/>
  <system-out/>
  <testcase name="dataHolder" time="5.001" classname="workingWithDataProviderFromExcel.DemoWebSHop"/>
  <system-out/>
  <testcase name="dataHolder" time="8.859" classname="workingWithDataProviderFromExcel.DemoWebSHop"/>
  <system-out/>
</testsuite> <!-- workingWithDataProviderFromExcel.DemoWebSHop -->
