<?xml version="1.0" encoding="UTF-8"?>
<!-- Generated by org.testng.reporters.JUnitReportReporter -->
<testsuite skipped="0" hostname="TYSS-Prem" name="workingWithHYRtutorialsTestNg.WorkingWithAssertions" tests="1" failures="0" timestamp="2023-01-06T15:52:01 IST" time="7.391" errors="0">
  <testcase name="p5" time="7.391" classname="workingWithHYRtutorialsTestNg.WorkingWithAssertions"/>
  <system-out/>
</testsuite> <!-- workingWithHYRtutorialsTestNg.WorkingWithAssertions -->
