<?xml version="1.0" encoding="UTF-8"?>
<!-- Generated by org.testng.reporters.JUnitReportReporter -->
<testsuite skipped="0" hostname="TYSS-Prem" name="cars.TC_cars_004" tests="1" failures="0" timestamp="2023-01-03T15:27:37 IST" time="16.947" errors="0">
  <testcase name="openingcars" time="16.947" classname="cars.TC_cars_004"/>
  <system-out/>
</testsuite> <!-- cars.TC_cars_004 -->
