<?xml version="1.0" encoding="UTF-8"?>
<!-- Generated by org.testng.reporters.JUnitReportReporter -->
<testsuite skipped="0" hostname="TYSS-Prem" name="workingWithAnnotations.WorkingWithAnnotation" tests="2" failures="0" timestamp="2023-01-06T11:18:10 IST" time="12.097" errors="0">
  <testcase name="workingWithGoogle" time="7.808" classname="workingWithAnnotations.WorkingWithAnnotation"/>
  <system-out/>
  <testcase name="workingwithfacebook" time="4.289" classname="workingWithAnnotations.WorkingWithAnnotation"/>
  <system-out/>
</testsuite> <!-- workingWithAnnotations.WorkingWithAnnotation -->
