<?xml version="1.0" encoding="UTF-8"?>
<!-- Generated by org.testng.reporters.JUnitReportReporter -->
<testsuite skipped="0" hostname="TYSS-Prem" name="workingWithGrouping.Test3" tests="2" failures="0" timestamp="2023-01-10T12:34:25 IST" time="0.001" errors="0">
  <testcase name="test8" time="0.001" classname="workingWithGrouping.Test3"/>
  <system-out/>
  <testcase name="test9" time="0.000" classname="workingWithGrouping.Test3"/>
  <system-out/>
</testsuite> <!-- workingWithGrouping.Test3 -->
