<?xml version="1.0" encoding="UTF-8"?>
<!-- Generated by org.testng.reporters.JUnitReportReporter -->
<testsuite skipped="0" hostname="TYSS-Prem" name="workingWithGrouping.Test2" tests="2" failures="0" timestamp="2023-01-10T12:34:25 IST" time="0.016" errors="0">
  <testcase name="test5" time="0.008" classname="workingWithGrouping.Test2"/>
  <system-out/>
  <testcase name="test6" time="0.008" classname="workingWithGrouping.Test2"/>
  <system-out/>
</testsuite> <!-- workingWithGrouping.Test2 -->
