<?xml version="1.0" encoding="UTF-8"?>
<!-- Generated by org.testng.reporters.JUnitReportReporter -->
<testsuite skipped="0" hostname="TYSS-Prem" name="bikes.TC_Bikes_002" tests="1" failures="0" timestamp="2023-01-06T15:24:43 IST" time="2.888" errors="0">
  <testcase name="openingBikes" time="2.888" classname="bikes.TC_Bikes_002"/>
  <system-out/>
</testsuite> <!-- bikes.TC_Bikes_002 -->
