<?xml version="1.0" encoding="UTF-8"?>
<!-- Generated by org.testng.reporters.JUnitReportReporter -->
<testsuite skipped="0" hostname="TYSS-Prem" name="workingWithHYRtutorialsTestNg.WorkingWithParameters" tests="3" failures="0" timestamp="2023-01-10T07:04:34 IST" time="17.741" errors="0">
  <testcase name="launch" time="17.456" classname="workingWithHYRtutorialsTestNg.WorkingWithParameters"/>
  <system-out/>
  <testcase name="enterCredentials" time="0.236" classname="workingWithHYRtutorialsTestNg.WorkingWithParameters"/>
  <system-out/>
  <testcase name="verifyWelcomepage" time="0.049" classname="workingWithHYRtutorialsTestNg.WorkingWithParameters"/>
  <system-out/>
</testsuite> <!-- workingWithHYRtutorialsTestNg.WorkingWithParameters -->
