<?xml version="1.0" encoding="UTF-8"?>
<!-- Generated by org.testng.reporters.JUnitReportReporter -->
<testsuite skipped="0" hostname="TYSS-Prem" name="workingWithListners.TestClass" tests="3" failures="0" timestamp="2023-01-12T10:32:28 IST" time="0.008" errors="0">
  <testcase name="test1" time="0.006" classname="workingWithListners.TestClass"/>
  <system-out/>
  <testcase name="test2" time="0.001" classname="workingWithListners.TestClass"/>
  <system-out/>
  <testcase name="test3" time="0.001" classname="workingWithListners.TestClass"/>
  <system-out/>
</testsuite> <!-- workingWithListners.TestClass -->
