<?xml version="1.0" encoding="UTF-8"?>
<!-- Generated by org.testng.reporters.JUnitReportReporter -->
<testsuite skipped="0" hostname="TYSS-Prem" name="makeMyTripAssignment.WorkingWithDependsOn" tests="5" failures="0" timestamp="2023-01-03T11:11:40 IST" time="0.008" errors="0">
  <testcase name="modifyAccount" time="0.000" classname="makeMyTripAssignment.WorkingWithDependsOn"/>
  <system-out>
    <![CDATA[From modify account]]>
  </system-out>
  <testcase name="amountTransfer" time="0.001" classname="makeMyTripAssignment.WorkingWithDependsOn"/>
  <system-out>
    <![CDATA[From amount transfer]]>
  </system-out>
  <testcase name="register" time="0.006" classname="makeMyTripAssignment.WorkingWithDependsOn"/>
  <system-out>
    <![CDATA[From register]]>
  </system-out>
  <testcase name="deleteAccount" time="0.001" classname="makeMyTripAssignment.WorkingWithDependsOn"/>
  <system-out>
    <![CDATA[From delete account]]>
  </system-out>
  <testcase name="createAccount" time="0.000" classname="makeMyTripAssignment.WorkingWithDependsOn"/>
  <system-out>
    <![CDATA[From create account]]>
  </system-out>
</testsuite> <!-- makeMyTripAssignment.WorkingWithDependsOn -->
