<?xml version="1.0" encoding="UTF-8"?>
<!-- Generated by org.testng.reporters.JUnitReportReporter -->
<testsuite skipped="0" hostname="TYSS-Prem" name="workingwithParallelExecution.Test2" tests="2" failures="0" timestamp="2023-01-11T11:15:53 IST" time="22.275" errors="0">
  <testcase name="test4" time="6.291" classname="workingwithParallelExecution.Test2"/>
  <system-out/>
  <testcase name="test3" time="15.984" classname="workingwithParallelExecution.Test2"/>
  <system-out/>
</testsuite> <!-- workingwithParallelExecution.Test2 -->
