<?xml version="1.0" encoding="UTF-8"?>
<!-- Generated by org.testng.reporters.JUnitReportReporter -->
<testsuite skipped="0" hostname="TYSS-Prem" name="workingwithParallelExecution.Test1" tests="2" failures="0" timestamp="2023-01-11T11:15:53 IST" time="13.391" errors="0">
  <testcase name="test1" time="3.122" classname="workingwithParallelExecution.Test1"/>
  <system-out/>
  <testcase name="test2" time="10.269" classname="workingwithParallelExecution.Test1"/>
  <system-out/>
</testsuite> <!-- workingwithParallelExecution.Test1 -->
