<?xml version="1.0" encoding="UTF-8"?>
<!-- Generated by org.testng.reporters.JUnitReportReporter -->
<testsuite skipped="0" hostname="TYSS-Prem" name="workingWithPom.RedBus" tests="1" failures="0" timestamp="2023-01-13T15:18:53 IST" time="4.624" errors="0">
  <testcase name="redbus" time="4.624" classname="workingWithPom.RedBus"/>
  <system-out/>
</testsuite> <!-- workingWithPom.RedBus -->
