<?xml version="1.0" encoding="UTF-8"?>
<!-- Generated by org.testng.reporters.JUnitReportReporter -->
<testsuite skipped="0" hostname="TYSS-Prem" name="workingWithAnnotations.NewTest" tests="2" failures="0" timestamp="2023-01-06T11:13:40 IST" time="0.007" errors="0">
  <testcase name="testmethod2" time="0.001" classname="workingWithAnnotations.NewTest"/>
  <system-out/>
  <testcase name="testmethod1" time="0.006" classname="workingWithAnnotations.NewTest"/>
  <system-out/>
</testsuite> <!-- workingWithAnnotations.NewTest -->
