<?xml version="1.0" encoding="UTF-8"?>
<!-- Generated by org.testng.reporters.JUnitReportReporter -->
<testsuite skipped="0" hostname="TYSS-Prem" name="WorkingWithTestNg.Sample" tests="4" failures="0" timestamp="2023-01-02T17:28:13 IST" time="67.694" errors="0">
  <testcase name="openingGoogle" time="19.671" classname="WorkingWithTestNg.Sample"/>
  <system-out/>
  <testcase name="vtiger" time="6.990" classname="WorkingWithTestNg.Sample"/>
  <system-out/>
  <testcase name="demoActitime" time="9.509" classname="WorkingWithTestNg.Sample"/>
  <system-out/>
  <testcase name="openingMaharashtra" time="31.524" classname="WorkingWithTestNg.Sample"/>
  <system-out/>
</testsuite> <!-- WorkingWithTestNg.Sample -->
