<?xml version="1.0" encoding="UTF-8"?>
<!-- Generated by org.testng.reporters.JUnitReportReporter -->
<testsuite skipped="0" hostname="TYSS-Prem" name="workingWithDataProvider.WorkingWithDemoWebShop" tests="4" failures="0" timestamp="2023-01-09T17:18:18 IST" time="44.922" errors="0">
  <testcase name="workingWithDataProvider" time="9.122" classname="workingWithDataProvider.WorkingWithDemoWebShop"/>
  <system-out/>
  <testcase name="workingWithDataProvider" time="13.632" classname="workingWithDataProvider.WorkingWithDemoWebShop"/>
  <system-out/>
  <testcase name="workingWithDataProvider" time="11.679" classname="workingWithDataProvider.WorkingWithDemoWebShop"/>
  <system-out/>
  <testcase name="workingWithDataProvider" time="10.489" classname="workingWithDataProvider.WorkingWithDemoWebShop"/>
  <system-out/>
</testsuite> <!-- workingWithDataProvider.WorkingWithDemoWebShop -->
