<?xml version="1.0" encoding="UTF-8"?>
<!-- Generated by org.testng.reporters.JUnitReportReporter -->
<testsuite skipped="0" hostname="TYSS-Prem" name="workingWithGrouping.Test4" tests="1" failures="0" timestamp="2023-01-10T12:34:25 IST" time="0.001" errors="0">
  <testcase name="test10" time="0.001" classname="workingWithGrouping.Test4"/>
  <system-out/>
</testsuite> <!-- workingWithGrouping.Test4 -->
